
Options: -K 3 -A weka.core.neighboursearch.FilteredNeighbourSearch 

IB1 instance-based classifier
using 3 nearest neighbour(s) for classification


Time taken to build model: 0.47 seconds
Time taken to test model on training data: 453.69 seconds

=== Error on training data ===

Correctly Classified Instances       23694               95.3865 %
Incorrectly Classified Instances      1146                4.6135 %
Kappa statistic                          0.9077
Mean absolute error                      0.0423
Root mean squared error                  0.1702
Relative absolute error                  8.4617 %
Root relative squared error             34.031  %
Total Number of Instances            24840     


=== Detailed Accuracy By Class ===

                 TP Rate  FP Rate  Precision  Recall   F-Measure  MCC      ROC Area  PRC Area  Class
                 0.984    0.076    0.928      0.984    0.955      0.909    0.997     0.997     yes
                 0.924    0.016    0.983      0.924    0.952      0.909    0.997     0.997     no
Weighted Avg.    0.954    0.046    0.955      0.954    0.954      0.909    0.997     0.997     


=== Confusion Matrix ===

     a     b   <-- classified as
 12217   203 |     a = yes
   943 11477 |     b = no



=== Stratified cross-validation ===

Correctly Classified Instances       22713               91.4372 %
Incorrectly Classified Instances      2127                8.5628 %
Kappa statistic                          0.8287
Mean absolute error                      0.0799
Root mean squared error                  0.2468
Relative absolute error                 15.976  %
Root relative squared error             49.3589 %
Total Number of Instances            24840     


=== Detailed Accuracy By Class ===

                 TP Rate  FP Rate  Precision  Recall   F-Measure  MCC      ROC Area  PRC Area  Class
                 0.961    0.132    0.879      0.961    0.918      0.832    0.980     0.978     yes
                 0.868    0.039    0.957      0.868    0.910      0.832    0.980     0.979     no
Weighted Avg.    0.914    0.086    0.918      0.914    0.914      0.832    0.980     0.978     


=== Confusion Matrix ===

     a     b   <-- classified as
 11932   488 |     a = yes
  1639 10781 |     b = no

