
Options: -K 2 -A weka.core.neighboursearch.FilteredNeighbourSearch 

IB1 instance-based classifier
using 2 nearest neighbour(s) for classification


Time taken to build model: 0.48 seconds
Time taken to test model on training data: 453.74 seconds

=== Error on training data ===

Correctly Classified Instances       24031               96.7432 %
Incorrectly Classified Instances       809                3.2568 %
Kappa statistic                          0.9349
Mean absolute error                      0.0289
Root mean squared error                  0.1436
Relative absolute error                  5.7726 %
Root relative squared error             28.7251 %
Total Number of Instances            24840     


=== Detailed Accuracy By Class ===

                 TP Rate  FP Rate  Precision  Recall   F-Measure  MCC      ROC Area  PRC Area  Class
                 0.995    0.060    0.943      0.995    0.968      0.936    0.999     0.999     yes
                 0.940    0.005    0.995      0.940    0.967      0.936    0.999     0.999     no
Weighted Avg.    0.967    0.033    0.969      0.967    0.967      0.936    0.999     0.999     


=== Confusion Matrix ===

     a     b   <-- classified as
 12357    63 |     a = yes
   746 11674 |     b = no



=== Stratified cross-validation ===

Correctly Classified Instances       23017               92.661  %
Incorrectly Classified Instances      1823                7.339  %
Kappa statistic                          0.8532
Mean absolute error                      0.0685
Root mean squared error                  0.2383
Relative absolute error                 13.6935 %
Root relative squared error             47.6506 %
Total Number of Instances            24840     


=== Detailed Accuracy By Class ===

                 TP Rate  FP Rate  Precision  Recall   F-Measure  MCC      ROC Area  PRC Area  Class
                 0.980    0.127    0.885      0.980    0.930      0.858    0.980     0.976     yes
                 0.873    0.020    0.978      0.873    0.922      0.858    0.980     0.980     no
Weighted Avg.    0.927    0.073    0.932      0.927    0.926      0.858    0.980     0.978     


=== Confusion Matrix ===

     a     b   <-- classified as
 12176   244 |     a = yes
  1579 10841 |     b = no

