
Options: -K 5 -A weka.core.neighboursearch.LinearNNSearch 

IB1 instance-based classifier
using 5 nearest neighbour(s) for classification


Time taken to build model: 0.31 seconds
Time taken to test model on training data: 514.69 seconds

=== Error on training data ===

Correctly Classified Instances       23080               92.9147 %
Incorrectly Classified Instances      1760                7.0853 %
Kappa statistic                          0.8583
Mean absolute error                      0.072 
Root mean squared error                  0.2114
Relative absolute error                 14.3975 %
Root relative squared error             42.2832 %
Total Number of Instances            24840     


=== Detailed Accuracy By Class ===

                 TP Rate  FP Rate  Precision  Recall   F-Measure  MCC      ROC Area  PRC Area  Class
                 0.972    0.114    0.895      0.972    0.932      0.861    0.991     0.992     yes
                 0.886    0.028    0.969      0.886    0.926      0.861    0.991     0.991     no
Weighted Avg.    0.929    0.071    0.932      0.929    0.929      0.861    0.991     0.991     


=== Confusion Matrix ===

     a     b   <-- classified as
 12072   348 |     a = yes
  1412 11008 |     b = no



=== Stratified cross-validation ===

Correctly Classified Instances       22242               89.5411 %
Incorrectly Classified Instances      2598               10.4589 %
Kappa statistic                          0.7908
Mean absolute error                      0.1062
Root mean squared error                  0.2678
Relative absolute error                 21.2409 %
Root relative squared error             53.5672 %
Total Number of Instances            24840     


=== Detailed Accuracy By Class ===

                 TP Rate  FP Rate  Precision  Recall   F-Measure  MCC      ROC Area  PRC Area  Class
                 0.948    0.157    0.858      0.948    0.901      0.795    0.975     0.973     yes
                 0.843    0.052    0.942      0.843    0.890      0.795    0.975     0.973     no
Weighted Avg.    0.895    0.105    0.900      0.895    0.895      0.795    0.975     0.973     


=== Confusion Matrix ===

     a     b   <-- classified as
 11770   650 |     a = yes
  1948 10472 |     b = no

