
Options: -K 10 -A weka.core.neighboursearch.LinearNNSearch 

IB1 instance-based classifier
using 10 nearest neighbour(s) for classification


Time taken to build model: 0.29 seconds
Time taken to test model on training data: 1064.52 seconds

=== Error on training data ===

Correctly Classified Instances       22358               90.0081 %
Incorrectly Classified Instances      2482                9.9919 %
Kappa statistic                          0.8002
Mean absolute error                      0.1208
Root mean squared error                  0.2571
Relative absolute error                 24.1511 %
Root relative squared error             51.4238 %
Total Number of Instances            24840     


=== Detailed Accuracy By Class ===

                 TP Rate  FP Rate  Precision  Recall   F-Measure  MCC      ROC Area  PRC Area  Class
                 0.943    0.143    0.869      0.943    0.904      0.803    0.976     0.977     yes
                 0.857    0.057    0.938      0.857    0.896      0.803    0.976     0.976     no
Weighted Avg.    0.900    0.100    0.903      0.900    0.900      0.803    0.976     0.977     


=== Confusion Matrix ===

     a     b   <-- classified as
 11711   709 |     a = yes
  1773 10647 |     b = no



=== Stratified cross-validation ===

Correctly Classified Instances       21699               87.3551 %
Incorrectly Classified Instances      3141               12.6449 %
Kappa statistic                          0.7471
Mean absolute error                      0.1502
Root mean squared error                  0.2943
Relative absolute error                 30.0306 %
Root relative squared error             58.8607 %
Total Number of Instances            24840     


=== Detailed Accuracy By Class ===

                 TP Rate  FP Rate  Precision  Recall   F-Measure  MCC      ROC Area  PRC Area  Class
                 0.920    0.173    0.842      0.920    0.879      0.750    0.957     0.957     yes
                 0.827    0.080    0.912      0.827    0.867      0.750    0.957     0.958     no
Weighted Avg.    0.874    0.126    0.877      0.874    0.873      0.750    0.957     0.958     


=== Confusion Matrix ===

     a     b   <-- classified as
 11429   991 |     a = yes
  2150 10270 |     b = no

