
Options: -K 3 -A weka.core.neighboursearch.LinearNNSearch 

IB1 instance-based classifier
using 3 nearest neighbour(s) for classification


Time taken to build model: 0.28 seconds
Time taken to test model on training data: 474.06 seconds

=== Error on training data ===

Correctly Classified Instances       23488               94.5572 %
Incorrectly Classified Instances      1352                5.4428 %
Kappa statistic                          0.8911
Mean absolute error                      0.0498
Root mean squared error                  0.185 
Relative absolute error                  9.954  %
Root relative squared error             37.0088 %
Total Number of Instances            24840     


=== Detailed Accuracy By Class ===

                 TP Rate  FP Rate  Precision  Recall   F-Measure  MCC      ROC Area  PRC Area  Class
                 0.985    0.094    0.913      0.985    0.948      0.894    0.996     0.997     yes
                 0.906    0.015    0.984      0.906    0.943      0.894    0.996     0.996     no
Weighted Avg.    0.946    0.054    0.948      0.946    0.945      0.894    0.996     0.996     


=== Confusion Matrix ===

     a     b   <-- classified as
 12235   185 |     a = yes
  1167 11253 |     b = no



=== Stratified cross-validation ===

Correctly Classified Instances       22532               90.7085 %
Incorrectly Classified Instances      2308                9.2915 %
Kappa statistic                          0.8142
Mean absolute error                      0.0889
Root mean squared error                  0.261 
Relative absolute error                 17.7827 %
Root relative squared error             52.1986 %
Total Number of Instances            24840     


=== Detailed Accuracy By Class ===

                 TP Rate  FP Rate  Precision  Recall   F-Measure  MCC      ROC Area  PRC Area  Class
                 0.965    0.151    0.865      0.965    0.912      0.820    0.977     0.973     yes
                 0.849    0.035    0.961      0.849    0.901      0.820    0.977     0.977     no
Weighted Avg.    0.907    0.093    0.913      0.907    0.907      0.820    0.977     0.975     


=== Confusion Matrix ===

     a     b   <-- classified as
 11987   433 |     a = yes
  1875 10545 |     b = no

