
Options: -K 3 -A weka.core.neighboursearch.FilteredNeighbourSearch 

IB1 instance-based classifier
using 3 nearest neighbour(s) for classification


Time taken to build model: 0.46 seconds
Time taken to test model on training data: 426.63 seconds

=== Error on training data ===

Correctly Classified Instances       23746               95.5958 %
Incorrectly Classified Instances      1094                4.4042 %
Kappa statistic                          0.9119
Mean absolute error                      0.04  
Root mean squared error                  0.1627
Relative absolute error                  8.0087 %
Root relative squared error             32.5458 %
Total Number of Instances            24840     


=== Detailed Accuracy By Class ===

                 TP Rate  FP Rate  Precision  Recall   F-Measure  MCC      ROC Area  PRC Area  Class
                 0.984    0.073    0.931      0.984    0.957      0.913    0.997     0.997     yes
                 0.927    0.016    0.984      0.927    0.955      0.913    0.997     0.997     no
Weighted Avg.    0.956    0.044    0.957      0.956    0.956      0.913    0.997     0.997     


=== Confusion Matrix ===

     a     b   <-- classified as
 12227   193 |     a = yes
   901 11519 |     b = no



=== Stratified cross-validation ===

Correctly Classified Instances       22797               91.7754 %
Incorrectly Classified Instances      2043                8.2246 %
Kappa statistic                          0.8355
Mean absolute error                      0.0765
Root mean squared error                  0.2401
Relative absolute error                 15.2949 %
Root relative squared error             48.0245 %
Total Number of Instances            24840     


=== Detailed Accuracy By Class ===

                 TP Rate  FP Rate  Precision  Recall   F-Measure  MCC      ROC Area  PRC Area  Class
                 0.961    0.125    0.885      0.961    0.921      0.839    0.982     0.980     yes
                 0.875    0.039    0.957      0.875    0.914      0.839    0.982     0.980     no
Weighted Avg.    0.918    0.082    0.921      0.918    0.918      0.839    0.982     0.980     


=== Confusion Matrix ===

     a     b   <-- classified as
 11930   490 |     a = yes
  1553 10867 |     b = no

