
Options: -K 1 -A weka.core.neighboursearch.FilteredNeighbourSearch 

IB1 instance-based classifier
using 1 nearest neighbour(s) for classification


Time taken to build model: 0.49 seconds
Time taken to test model on training data: 606.25 seconds

=== Error on training data ===

Correctly Classified Instances       24828               99.9517 %
Incorrectly Classified Instances        12                0.0483 %
Kappa statistic                          0.999 
Mean absolute error                      0.0006
Root mean squared error                  0.0178
Relative absolute error                  0.1286 %
Root relative squared error              3.5533 %
Total Number of Instances            24840     


=== Detailed Accuracy By Class ===

                 TP Rate  FP Rate  Precision  Recall   F-Measure  MCC      ROC Area  PRC Area  Class
                 1.000    0.001    0.999      1.000    1.000      0.999    1.000     1.000     yes
                 0.999    0.000    1.000      0.999    1.000      0.999    1.000     1.000     no
Weighted Avg.    1.000    0.000    1.000      1.000    1.000      0.999    1.000     1.000     


=== Confusion Matrix ===

     a     b   <-- classified as
 12420     0 |     a = yes
    12 12408 |     b = no



=== Stratified cross-validation ===

Correctly Classified Instances       23966               96.4815 %
Incorrectly Classified Instances       874                3.5185 %
Kappa statistic                          0.9296
Mean absolute error                      0.035 
Root mean squared error                  0.1854
Relative absolute error                  6.9913 %
Root relative squared error             37.0714 %
Total Number of Instances            24840     


=== Detailed Accuracy By Class ===

                 TP Rate  FP Rate  Precision  Recall   F-Measure  MCC      ROC Area  PRC Area  Class
                 0.981    0.052    0.950      0.981    0.965      0.930    0.986     0.983     yes
                 0.948    0.019    0.981      0.948    0.964      0.930    0.986     0.984     no
Weighted Avg.    0.965    0.035    0.965      0.965    0.965      0.930    0.986     0.984     


=== Confusion Matrix ===

     a     b   <-- classified as
 12186   234 |     a = yes
   640 11780 |     b = no

