
Options: -A weka.core.neighboursearch.FilteredNeighbourSearch 

IB1 instance-based classifier
using 1 nearest neighbour(s) for classification


Time taken to build model: 0.35 seconds
Time taken to test model on training data: 247.2 seconds

=== Error on training data ===

Correctly Classified Instances       24827               99.9477 %
Incorrectly Classified Instances        13                0.0523 %
Kappa statistic                          0.999 
Mean absolute error                      0.0007
Root mean squared error                  0.0185
Relative absolute error                  0.1393 %
Root relative squared error              3.7013 %
Total Number of Instances            24840     


=== Detailed Accuracy By Class ===

                 TP Rate  FP Rate  Precision  Recall   F-Measure  MCC      ROC Area  PRC Area  Class
                 1.000    0.001    0.999      1.000    0.999      0.999    1.000     1.000     yes
                 0.999    0.000    1.000      0.999    0.999      0.999    1.000     1.000     no
Weighted Avg.    0.999    0.001    0.999      0.999    0.999      0.999    1.000     1.000     


=== Confusion Matrix ===

     a     b   <-- classified as
 12420     0 |     a = yes
    13 12407 |     b = no



=== Stratified cross-validation ===

Correctly Classified Instances       23901               96.2198 %
Incorrectly Classified Instances       939                3.7802 %
Kappa statistic                          0.9244
Mean absolute error                      0.038 
Root mean squared error                  0.1941
Relative absolute error                  7.5939 %
Root relative squared error             38.8144 %
Total Number of Instances            24840     


=== Detailed Accuracy By Class ===

                 TP Rate  FP Rate  Precision  Recall   F-Measure  MCC      ROC Area  PRC Area  Class
                 0.980    0.056    0.946      0.980    0.963      0.925    0.983     0.979     yes
                 0.944    0.020    0.980      0.944    0.961      0.925    0.983     0.982     no
Weighted Avg.    0.962    0.038    0.963      0.962    0.962      0.925    0.983     0.980     


=== Confusion Matrix ===

     a     b   <-- classified as
 12176   244 |     a = yes
   695 11725 |     b = no

