Zero Weights processed. Default weights will be used

Options: -K 1 

LibSVM wrapper, original code by Yasser EL-Manzalawy (= WLSVM)

Time taken to build model: 521.35 seconds
Time taken to test model on training data: 551.02 seconds

=== Error on training data ===

Correctly Classified Instances       16091               64.7786 %
Incorrectly Classified Instances      8749               35.2214 %
Kappa statistic                          0.2956
Mean absolute error                      0.3522
Root mean squared error                  0.5935
Relative absolute error                 70.4428 %
Root relative squared error            118.6953 %
Total Number of Instances            24840     


=== Detailed Accuracy By Class ===

                 TP Rate  FP Rate  Precision  Recall   F-Measure  MCC      ROC Area  PRC Area  Class
                 0.573    0.277    0.674      0.573    0.619      0.299    0.648     0.600     yes
                 0.723    0.427    0.629      0.723    0.672      0.299    0.648     0.593     no
Weighted Avg.    0.648    0.352    0.651      0.648    0.646      0.299    0.648     0.596     


=== Confusion Matrix ===

    a    b   <-- classified as
 7114 5306 |    a = yes
 3443 8977 |    b = no



=== Stratified cross-validation ===

Correctly Classified Instances       15737               63.3535 %
Incorrectly Classified Instances      9103               36.6465 %
Kappa statistic                          0.2671
Mean absolute error                      0.3665
Root mean squared error                  0.6054
Relative absolute error                 73.2931 %
Root relative squared error            121.0728 %
Total Number of Instances            24840     


=== Detailed Accuracy By Class ===

                 TP Rate  FP Rate  Precision  Recall   F-Measure  MCC      ROC Area  PRC Area  Class
                 0.546    0.279    0.662      0.546    0.598      0.271    0.634     0.588     yes
                 0.721    0.454    0.614      0.721    0.663      0.271    0.634     0.582     no
Weighted Avg.    0.634    0.366    0.638      0.634    0.631      0.271    0.634     0.585     


=== Confusion Matrix ===

    a    b   <-- classified as
 6783 5637 |    a = yes
 3466 8954 |    b = no

