
Options: -A weka.core.neighboursearch.FilteredNeighbourSearch 

IB1 instance-based classifier
using 1 nearest neighbour(s) for classification


Time taken to build model: 0.49 seconds
Time taken to test model on training data: 923.97 seconds

=== Error on training data ===

Correctly Classified Instances       24828               99.9517 %
Incorrectly Classified Instances        12                0.0483 %
Kappa statistic                          0.999 
Mean absolute error                      0.0006
Root mean squared error                  0.0178
Relative absolute error                  0.1286 %
Root relative squared error              3.5533 %
Total Number of Instances            24840     


=== Detailed Accuracy By Class ===

                 TP Rate  FP Rate  Precision  Recall   F-Measure  MCC      ROC Area  PRC Area  Class
                 1.000    0.001    0.999      1.000    1.000      0.999    1.000     1.000     yes
                 0.999    0.000    1.000      0.999    1.000      0.999    1.000     1.000     no
Weighted Avg.    1.000    0.000    1.000      1.000    1.000      0.999    1.000     1.000     


=== Confusion Matrix ===

     a     b   <-- classified as
 12420     0 |     a = yes
    12 12408 |     b = no



=== Stratified cross-validation ===

Correctly Classified Instances       23816               95.8776 %
Incorrectly Classified Instances      1024                4.1224 %
Kappa statistic                          0.9176
Mean absolute error                      0.0414
Root mean squared error                  0.2028
Relative absolute error                  8.2861 %
Root relative squared error             40.5596 %
Total Number of Instances            24840     


=== Detailed Accuracy By Class ===

                 TP Rate  FP Rate  Precision  Recall   F-Measure  MCC      ROC Area  PRC Area  Class
                 0.982    0.064    0.938      0.982    0.960      0.919    0.982     0.977     yes
                 0.936    0.018    0.981      0.936    0.958      0.919    0.982     0.981     no
Weighted Avg.    0.959    0.041    0.960      0.959    0.959      0.919    0.982     0.979     


=== Confusion Matrix ===

     a     b   <-- classified as
 12197   223 |     a = yes
   801 11619 |     b = no

