Zero Weights processed. Default weights will be used

Options: -K 1 

LibSVM wrapper, original code by Yasser EL-Manzalawy (= WLSVM)

Time taken to build model: 850.91 seconds
Time taken to test model on training data: 934.24 seconds

=== Error on training data ===

Correctly Classified Instances       15154               61.0064 %
Incorrectly Classified Instances      9686               38.9936 %
Kappa statistic                          0.2201
Mean absolute error                      0.3899
Root mean squared error                  0.6244
Relative absolute error                 77.9871 %
Root relative squared error            124.8896 %
Total Number of Instances            24840     


=== Detailed Accuracy By Class ===

                 TP Rate  FP Rate  Precision  Recall   F-Measure  MCC      ROC Area  PRC Area  Class
                 0.735    0.515    0.588      0.735    0.653      0.227    0.610     0.565     yes
                 0.485    0.265    0.647      0.485    0.554      0.227    0.610     0.571     no
Weighted Avg.    0.610    0.390    0.617      0.610    0.604      0.227    0.610     0.568     


=== Confusion Matrix ===

    a    b   <-- classified as
 9133 3287 |    a = yes
 6399 6021 |    b = no



=== Stratified cross-validation ===

Correctly Classified Instances       15114               60.8454 %
Incorrectly Classified Instances      9726               39.1546 %
Kappa statistic                          0.2169
Mean absolute error                      0.3915
Root mean squared error                  0.6257
Relative absolute error                 78.3092 %
Root relative squared error            125.1473 %
Total Number of Instances            24840     


=== Detailed Accuracy By Class ===

                 TP Rate  FP Rate  Precision  Recall   F-Measure  MCC      ROC Area  PRC Area  Class
                 0.732    0.515    0.587      0.732    0.652      0.224    0.608     0.564     yes
                 0.485    0.268    0.644      0.485    0.553      0.224    0.608     0.570     no
Weighted Avg.    0.608    0.392    0.616      0.608    0.602      0.224    0.608     0.567     


=== Confusion Matrix ===

    a    b   <-- classified as
 9092 3328 |    a = yes
 6398 6022 |    b = no

