
Options: -K 5 

IB1 instance-based classifier
using 5 nearest neighbour(s) for classification


Time taken to build model: 0.36 seconds
Time taken to test model on training data: 870.46 seconds

=== Error on training data ===

Correctly Classified Instances       22546               90.7649 %
Incorrectly Classified Instances      2294                9.2351 %
Kappa statistic                          0.8153
Mean absolute error                      0.0892
Root mean squared error                  0.2436
Relative absolute error                 17.8435 %
Root relative squared error             48.727  %
Total Number of Instances            24840     


=== Detailed Accuracy By Class ===

                 TP Rate  FP Rate  Precision  Recall   F-Measure  MCC      ROC Area  PRC Area  Class
                 0.976    0.161    0.859      0.976    0.914      0.823    0.989     0.990     yes
                 0.839    0.024    0.972      0.839    0.901      0.823    0.989     0.988     no
Weighted Avg.    0.908    0.092    0.915      0.908    0.907      0.823    0.989     0.989     


=== Confusion Matrix ===

     a     b   <-- classified as
 12121   299 |     a = yes
  1995 10425 |     b = no



=== Stratified cross-validation ===

Correctly Classified Instances       21699               87.3551 %
Incorrectly Classified Instances      3141               12.6449 %
Kappa statistic                          0.7471
Mean absolute error                      0.1219
Root mean squared error                  0.295 
Relative absolute error                 24.3809 %
Root relative squared error             59.0068 %
Total Number of Instances            24840     


=== Detailed Accuracy By Class ===

                 TP Rate  FP Rate  Precision  Recall   F-Measure  MCC      ROC Area  PRC Area  Class
                 0.956    0.209    0.821      0.956    0.883      0.758    0.968     0.966     yes
                 0.791    0.044    0.947      0.791    0.862      0.758    0.968     0.969     no
Weighted Avg.    0.874    0.126    0.884      0.874    0.873      0.758    0.968     0.967     


=== Confusion Matrix ===

     a     b   <-- classified as
 11875   545 |     a = yes
  2596  9824 |     b = no

