Zero Weights processed. Default weights will be used

Options: -K 0 

LibSVM wrapper, original code by Yasser EL-Manzalawy (= WLSVM)

Time taken to build model: 583.07 seconds
Time taken to test model on training data: 556 seconds

=== Error on training data ===

Correctly Classified Instances       19732               79.4364 %
Incorrectly Classified Instances      5108               20.5636 %
Kappa statistic                          0.5887
Mean absolute error                      0.2056
Root mean squared error                  0.4535
Relative absolute error                 41.1272 %
Root relative squared error             90.6942 %
Total Number of Instances            24840     


=== Detailed Accuracy By Class ===

                 TP Rate  FP Rate  Precision  Recall   F-Measure  MCC      ROC Area  PRC Area  Class
                 0.894    0.305    0.745      0.894    0.813      0.601    0.794     0.719     yes
                 0.695    0.106    0.868      0.695    0.772      0.601    0.794     0.755     no
Weighted Avg.    0.794    0.206    0.807      0.794    0.792      0.601    0.794     0.737     


=== Confusion Matrix ===

     a     b   <-- classified as
 11105  1315 |     a = yes
  3793  8627 |     b = no



=== Stratified cross-validation ===

Correctly Classified Instances       19536               78.6473 %
Incorrectly Classified Instances      5304               21.3527 %
Kappa statistic                          0.5729
Mean absolute error                      0.2135
Root mean squared error                  0.4621
Relative absolute error                 42.7053 %
Root relative squared error             92.4179 %
Total Number of Instances            24840     


=== Detailed Accuracy By Class ===

                 TP Rate  FP Rate  Precision  Recall   F-Measure  MCC      ROC Area  PRC Area  Class
                 0.890    0.317    0.737      0.890    0.807      0.586    0.786     0.711     yes
                 0.683    0.110    0.862      0.683    0.762      0.586    0.786     0.747     no
Weighted Avg.    0.786    0.214    0.799      0.786    0.784      0.586    0.786     0.729     


=== Confusion Matrix ===

     a     b   <-- classified as
 11058  1362 |     a = yes
  3942  8478 |     b = no

