Zero Weights processed. Default weights will be used

Options: -S 0 -K 0 -C 10 

LibSVM wrapper, original code by Yasser EL-Manzalawy (= WLSVM)

Time taken to build model: 2164.6 seconds
Time taken to test model on training data: 219.46 seconds

=== Error on training data ===

Correctly Classified Instances       24354               98.0435 %
Incorrectly Classified Instances       486                1.9565 %
Kappa statistic                          0.9609
Mean absolute error                      0.0196
Root mean squared error                  0.1399
Relative absolute error                  3.913  %
Root relative squared error             27.9751 %
Total Number of Instances            24840     


=== Detailed Accuracy By Class ===

                 TP Rate  FP Rate  Precision  Recall   F-Measure  MCC      ROC Area  PRC Area  Class
                 0.985    0.024    0.976      0.985    0.981      0.961    0.980     0.969     yes
                 0.976    0.015    0.985      0.976    0.980      0.961    0.980     0.973     no
Weighted Avg.    0.980    0.020    0.980      0.980    0.980      0.961    0.980     0.971     


=== Confusion Matrix ===

     a     b   <-- classified as
 12238   182 |     a = yes
   304 12116 |     b = no



=== Stratified cross-validation ===

Correctly Classified Instances       23573               94.8994 %
Incorrectly Classified Instances      1267                5.1006 %
Kappa statistic                          0.898 
Mean absolute error                      0.051 
Root mean squared error                  0.2258
Relative absolute error                 10.2013 %
Root relative squared error             45.1692 %
Total Number of Instances            24840     


=== Detailed Accuracy By Class ===

                 TP Rate  FP Rate  Precision  Recall   F-Measure  MCC      ROC Area  PRC Area  Class
                 0.970    0.072    0.931      0.970    0.950      0.899    0.949     0.918     yes
                 0.928    0.030    0.969      0.928    0.948      0.899    0.949     0.935     no
Weighted Avg.    0.949    0.051    0.950      0.949    0.949      0.899    0.949     0.926     


=== Confusion Matrix ===

     a     b   <-- classified as
 12051   369 |     a = yes
   898 11522 |     b = no

