Zero Weights processed. Default weights will be used

Options: -S 0 -K 0 -C 2 

LibSVM wrapper, original code by Yasser EL-Manzalawy (= WLSVM)

Time taken to build model: 896.12 seconds
Time taken to test model on training data: 342.5 seconds

=== Error on training data ===

Correctly Classified Instances       23606               95.0322 %
Incorrectly Classified Instances      1234                4.9678 %
Kappa statistic                          0.9006
Mean absolute error                      0.0497
Root mean squared error                  0.2229
Relative absolute error                  9.9356 %
Root relative squared error             44.5771 %
Total Number of Instances            24840     


=== Detailed Accuracy By Class ===

                 TP Rate  FP Rate  Precision  Recall   F-Measure  MCC      ROC Area  PRC Area  Class
                 0.962    0.062    0.940      0.962    0.951      0.901    0.950     0.923     yes
                 0.938    0.038    0.961      0.938    0.950      0.901    0.950     0.933     no
Weighted Avg.    0.950    0.050    0.951      0.950    0.950      0.901    0.950     0.928     


=== Confusion Matrix ===

     a     b   <-- classified as
 11950   470 |     a = yes
   764 11656 |     b = no



=== Stratified cross-validation ===

Correctly Classified Instances       22951               92.3953 %
Incorrectly Classified Instances      1889                7.6047 %
Kappa statistic                          0.8479
Mean absolute error                      0.076 
Root mean squared error                  0.2758
Relative absolute error                 15.2093 %
Root relative squared error             55.1531 %
Total Number of Instances            24840     


=== Detailed Accuracy By Class ===

                 TP Rate  FP Rate  Precision  Recall   F-Measure  MCC      ROC Area  PRC Area  Class
                 0.944    0.096    0.907      0.944    0.925      0.849    0.924     0.885     yes
                 0.904    0.056    0.942      0.904    0.922      0.849    0.924     0.899     no
Weighted Avg.    0.924    0.076    0.925      0.924    0.924      0.849    0.924     0.892     


=== Confusion Matrix ===

     a     b   <-- classified as
 11729   691 |     a = yes
  1198 11222 |     b = no

