Zero Weights processed. Default weights will be used

Options: -S 0 -K 0 -C 100 

LibSVM wrapper, original code by Yasser EL-Manzalawy (= WLSVM)

Time taken to build model: 4888.45 seconds
Time taken to test model on training data: 154.43 seconds

=== Error on training data ===

Correctly Classified Instances       24774               99.7343 %
Incorrectly Classified Instances        66                0.2657 %
Kappa statistic                          0.9947
Mean absolute error                      0.0027
Root mean squared error                  0.0515
Relative absolute error                  0.5314 %
Root relative squared error             10.3092 %
Total Number of Instances            24840     


=== Detailed Accuracy By Class ===

                 TP Rate  FP Rate  Precision  Recall   F-Measure  MCC      ROC Area  PRC Area  Class
                 0.998    0.003    0.997      0.998    0.997      0.995    0.997     0.996     yes
                 0.997    0.002    0.998      0.997    0.997      0.995    0.997     0.996     no
Weighted Avg.    0.997    0.003    0.997      0.997    0.997      0.995    0.997     0.996     


=== Confusion Matrix ===

     a     b   <-- classified as
 12390    30 |     a = yes
    36 12384 |     b = no



=== Stratified cross-validation ===

Correctly Classified Instances       23832               95.942  %
Incorrectly Classified Instances      1008                4.058  %
Kappa statistic                          0.9188
Mean absolute error                      0.0406
Root mean squared error                  0.2014
Relative absolute error                  8.1159 %
Root relative squared error             40.2888 %
Total Number of Instances            24840     


=== Detailed Accuracy By Class ===

                 TP Rate  FP Rate  Precision  Recall   F-Measure  MCC      ROC Area  PRC Area  Class
                 0.982    0.063    0.940      0.982    0.960      0.920    0.959     0.932     yes
                 0.937    0.018    0.981      0.937    0.958      0.920    0.959     0.951     no
Weighted Avg.    0.959    0.041    0.960      0.959    0.959      0.920    0.959     0.941     


=== Confusion Matrix ===

     a     b   <-- classified as
 12193   227 |     a = yes
   781 11639 |     b = no

