Zero Weights processed. Default weights will be used

Options: -S 0 -K 0 -C 50 

LibSVM wrapper, original code by Yasser EL-Manzalawy (= WLSVM)

Time taken to build model: 1527.87 seconds
Time taken to test model on training data: 70.34 seconds

=== Error on training data ===

Correctly Classified Instances       24666               99.2995 %
Incorrectly Classified Instances       174                0.7005 %
Kappa statistic                          0.986 
Mean absolute error                      0.007 
Root mean squared error                  0.0837
Relative absolute error                  1.401  %
Root relative squared error             16.739  %
Total Number of Instances            24840     


=== Detailed Accuracy By Class ===

                 TP Rate  FP Rate  Precision  Recall   F-Measure  MCC      ROC Area  PRC Area  Class
                 0.995    0.009    0.991      0.995    0.993      0.986    0.993     0.988     yes
                 0.991    0.005    0.995      0.991    0.993      0.986    0.993     0.991     no
Weighted Avg.    0.993    0.007    0.993      0.993    0.993      0.986    0.993     0.990     


=== Confusion Matrix ===

     a     b   <-- classified as
 12363    57 |     a = yes
   117 12303 |     b = no



=== Stratified cross-validation ===

Correctly Classified Instances       23739               95.5676 %
Incorrectly Classified Instances      1101                4.4324 %
Kappa statistic                          0.9114
Mean absolute error                      0.0443
Root mean squared error                  0.2105
Relative absolute error                  8.8647 %
Root relative squared error             42.1064 %
Total Number of Instances            24840     


=== Detailed Accuracy By Class ===

                 TP Rate  FP Rate  Precision  Recall   F-Measure  MCC      ROC Area  PRC Area  Class
                 0.978    0.067    0.936      0.978    0.957      0.912    0.956     0.927     yes
                 0.933    0.022    0.977      0.933    0.955      0.912    0.956     0.945     no
Weighted Avg.    0.956    0.044    0.957      0.956    0.956      0.912    0.956     0.936     


=== Confusion Matrix ===

     a     b   <-- classified as
 12150   270 |     a = yes
   831 11589 |     b = no

