Zero Weights processed. Default weights will be used

Options: -S 0 -K 0 

LibSVM wrapper, original code by Yasser EL-Manzalawy (= WLSVM)

Time taken to build model: 328.95 seconds
Time taken to test model on training data: 161.77 seconds

=== Error on training data ===

Correctly Classified Instances       23137               93.1441 %
Incorrectly Classified Instances      1703                6.8559 %
Kappa statistic                          0.8629
Mean absolute error                      0.0686
Root mean squared error                  0.2618
Relative absolute error                 13.7118 %
Root relative squared error             52.3675 %
Total Number of Instances            24840     


=== Detailed Accuracy By Class ===

                 TP Rate  FP Rate  Precision  Recall   F-Measure  MCC      ROC Area  PRC Area  Class
                 0.952    0.089    0.914      0.952    0.933      0.864    0.931     0.894     yes
                 0.911    0.048    0.950      0.911    0.930      0.864    0.931     0.910     no
Weighted Avg.    0.931    0.069    0.932      0.931    0.931      0.864    0.931     0.902     


=== Confusion Matrix ===

     a     b   <-- classified as
 11825   595 |     a = yes
  1108 11312 |     b = no



=== Stratified cross-validation ===

Correctly Classified Instances       22550               90.781  %
Incorrectly Classified Instances      2290                9.219  %
Kappa statistic                          0.8156
Mean absolute error                      0.0922
Root mean squared error                  0.3036
Relative absolute error                 18.438  %
Root relative squared error             60.7256 %
Total Number of Instances            24840     


=== Detailed Accuracy By Class ===

                 TP Rate  FP Rate  Precision  Recall   F-Measure  MCC      ROC Area  PRC Area  Class
                 0.936    0.120    0.886      0.936    0.910      0.817    0.908     0.861     yes
                 0.880    0.064    0.932      0.880    0.905      0.817    0.908     0.880     no
Weighted Avg.    0.908    0.092    0.909      0.908    0.908      0.817    0.908     0.871     


=== Confusion Matrix ===

     a     b   <-- classified as
 11625   795 |     a = yes
  1495 10925 |     b = no

